<?xml version="1.0" encoding="UTF-8"?>
<!-- Generated by org.testng.reporters.JUnitReportReporter -->
<testsuite hostname="DESKTOP-3OONJHS" failures="0" tests="4" name="homePage.homePageTesting" time="0.211" errors="0" timestamp="2024-08-18T02:54:27 AST" skipped="0">
  <testcase classname="homePage.homePageTesting" name="checkTheDefultLanguageIsEnglish" time="0.068"/>
  <system-out/>
  <testcase classname="homePage.homePageTesting" name="checkDefultCurrency" time="0.039"/>
  <system-out/>
  <testcase classname="homePage.homePageTesting" name="checkContactNumber" time="0.040"/>
  <system-out/>
  <testcase classname="homePage.homePageTesting" name="checkQitafLogoIsDisplayed" time="0.064"/>
  <system-out/>
</testsuite> <!-- homePage.homePageTesting -->
