<?xml version="1.0" encoding="UTF-8"?>
<!-- Generated by org.testng.reporters.JUnitReportReporter -->
<testsuite hostname="DESKTOP-3OONJHS" failures="0" tests="8" name="homePage.homePageTesting" time="3.232" errors="0" timestamp="2024-08-18T16:31:54 AST" skipped="0">
  <testcase classname="homePage.homePageTesting" name="checkTheDefultLanguageIsEnglish" time="0.141"/>
  <system-out/>
  <testcase classname="homePage.homePageTesting" name="checkDefultCurrency" time="0.050"/>
  <system-out/>
  <testcase classname="homePage.homePageTesting" name="checkContactNumber" time="0.029"/>
  <system-out/>
  <testcase classname="homePage.homePageTesting" name="checkQitafLogoIsDisplayed" time="0.054"/>
  <system-out/>
  <testcase classname="homePage.homePageTesting" name="theHotelTabIsNotSelected" time="0.032"/>
  <system-out/>
  <testcase classname="homePage.homePageTesting" name="checkFlightDeparture" time="0.195"/>
  <system-out/>
  <testcase classname="homePage.homePageTesting" name="changeLanguage" time="1.207"/>
  <system-out/>
  <testcase classname="homePage.homePageTesting" name="switchToHotelSearchTab" time="1.524"/>
  <system-out/>
</testsuite> <!-- homePage.homePageTesting -->
