<?xml version="1.0" encoding="UTF-8"?>
<!-- Generated by org.testng.reporters.JUnitReportReporter -->
<testsuite hostname="DESKTOP-3OONJHS" failures="0" tests="2" name="homePage.homePageTesting" time="0.104" errors="0" timestamp="2024-08-15T13:36:07 AST" skipped="0">
  <testcase classname="homePage.homePageTesting" name="checkTheDefultLanguageIsEnglish" time="0.063"/>
  <system-out/>
  <testcase classname="homePage.homePageTesting" name="checkDefultCurrency" time="0.041"/>
  <system-out/>
</testsuite> <!-- homePage.homePageTesting -->
