<?xml version="1.0" encoding="UTF-8"?>
<!-- Generated by org.testng.reporters.JUnitReportReporter -->
<testsuite hostname="DESKTOP-3OONJHS" failures="0" tests="7" name="homePage.homePageTesting" time="7.938" errors="0" timestamp="2024-08-18T04:18:46 AST" skipped="0">
  <testcase classname="homePage.homePageTesting" name="checkTheDefultLanguageIsEnglish" time="0.041"/>
  <system-out/>
  <testcase classname="homePage.homePageTesting" name="checkDefultCurrency" time="0.042"/>
  <system-out/>
  <testcase classname="homePage.homePageTesting" name="checkContactNumber" time="0.027"/>
  <system-out/>
  <testcase classname="homePage.homePageTesting" name="checkQitafLogoIsDisplayed" time="0.064"/>
  <system-out/>
  <testcase classname="homePage.homePageTesting" name="theHotelTabIsNotSelected" time="0.043"/>
  <system-out/>
  <testcase classname="homePage.homePageTesting" name="checkFlightDeparture" time="0.083"/>
  <system-out/>
  <testcase classname="homePage.homePageTesting" name="changeLanguage" time="7.638"/>
  <system-out/>
</testsuite> <!-- homePage.homePageTesting -->
