<?xml version="1.0" encoding="UTF-8"?>
<!-- Generated by org.testng.reporters.JUnitReportReporter -->
<testsuite hostname="DESKTOP-3OONJHS" failures="0" tests="11" name="homePage.homePageTesting" time="19.634" errors="0" timestamp="2024-08-21T16:38:21 AST" skipped="0">
  <testcase classname="homePage.homePageTesting" name="checkTheDefultLanguageIsEnglish" time="0.080"/>
  <system-out/>
  <testcase classname="homePage.homePageTesting" name="checkDefultCurrency" time="0.038"/>
  <system-out/>
  <testcase classname="homePage.homePageTesting" name="checkContactNumber" time="0.034"/>
  <system-out/>
  <testcase classname="homePage.homePageTesting" name="checkQitafLogoIsDisplayed" time="0.047"/>
  <system-out/>
  <testcase classname="homePage.homePageTesting" name="theHotelTabIsNotSelected" time="0.025"/>
  <system-out/>
  <testcase classname="homePage.homePageTesting" name="checkFlightDeparture" time="0.042"/>
  <system-out/>
  <testcase classname="homePage.homePageTesting" name="changeLanguage" time="1.684"/>
  <system-out/>
  <testcase classname="homePage.homePageTesting" name="switchHotelSearchTab" time="1.441"/>
  <system-out/>
  <testcase classname="homePage.homePageTesting" name="RandomlySelectTheNumberOfVistor" time="5.191"/>
  <system-out/>
  <testcase classname="homePage.homePageTesting" name="CheckThePageFullyLoaded" time="10.107"/>
  <system-out/>
  <testcase classname="homePage.homePageTesting" name="SortItemsLowestToHighestPrice" time="0.945"/>
  <system-out/>
</testsuite> <!-- homePage.homePageTesting -->
